<!DOCTYPE html PUBLIC "-//W3C//DTD XHTML 1.1//EN" "https://www.w3.org/TR/xhtml11/DTD/xhtml11.dtd">
<html xmlns="https://www.w3.org/1999/xhtml">
<head>
<meta http-equiv="content-type" content="text/html; charset=UTF-8"/>
<title>TestNG Report</title>
<style type="text/css">table {margin-bottom:10px;border-collapse:collapse;empty-cells:show}th,td {border:1px solid #009;padding:.25em .5em}th {vertical-align:bottom}td {vertical-align:top}table a {font-weight:bold}.stripe td {background-color: #E6EBF9}.num {text-align:right}.passedodd td {background-color: #3F3}.passedeven td {background-color: #0A0}.skippedodd td {background-color: #DDD}.skippedeven td {background-color: #CCC}.failedodd td,.attn {background-color: #F33}.failedeven td,.stripe .attn {background-color: #D00}.stacktrace {white-space:pre;font-family:monospace}.totop {font-size:85%;text-align:center;border-bottom:2px solid #000}.invisible {display:none}</style>
</head>
<body>
<table>
<tr><th>Test</th><th># Passed</th><th># Skipped</th><th># Retried</th><th># Failed</th><th>Time (ms)</th><th>Included Groups</th><th>Excluded Groups</th></tr>
<tr><th colspan="8">eCom Webapp Test Suite</th></tr>
<tr><td><a href="#t0">Amazon Test</a></td><td class="num">10</td><td class="num">0</td><td class="num">0</td><td class="num attn">2</td><td class="num">160,237</td><td></td><td></td></tr>
<tr class="stripe"><td><a href="#t1">Attribute Test</a></td><td class="num">5</td><td class="num">0</td><td class="num">0</td><td class="num">0</td><td class="num">601</td><td></td><td></td></tr>
<tr><td><a href="#t2">Other Test</a></td><td class="num">5</td><td class="num">0</td><td class="num">0</td><td class="num">0</td><td class="num">92</td><td></td><td></td></tr>
<tr><th>Total</th><th class="num">20</th><th class="num">0</th><th class="num">0</th><th class="num attn">2</th><th class="num">160,930</th><th colspan="2"></th></tr>
</table>
<table id='summary'><thead><tr><th>Class</th><th>Method</th><th>Start</th><th>Time (ms)</th></tr></thead><tbody><tr><th colspan="4">eCom Webapp Test Suite</th></tr></tbody><tbody id="t0"><tr><th colspan="4">Amazon Test &#8212; failed</th></tr><tr class="failedeven"><td rowspan="1">Amazon_TestNG.HomePage</td><td><a href="#m0">amazonSourceURL2</a></td><td rowspan="1">1702706047233</td><td rowspan="1">192</td></tr><tr class="failedodd"><td rowspan="1">Amazon_TestNG.XPath</td><td><a href="#m1">xpathLinkTest2</a></td><td rowspan="1">1702706126621</td><td rowspan="1">501</td></tr><tr><th colspan="4">Amazon Test &#8212; passed</th></tr><tr class="passedeven"><td rowspan="2">Amazon_TestNG.CSSselector</td><td><a href="#m2">LinkTest2</a></td><td rowspan="1">1702705979711</td><td rowspan="1">6965</td></tr><tr class="passedeven"><td><a href="#m3">tdLinkTest1</a></td><td rowspan="1">1702705998536</td><td rowspan="1">5701</td></tr><tr class="passedodd"><td rowspan="3">Amazon_TestNG.HomePage</td><td><a href="#m4">amazonHomePageTitle1</a></td><td rowspan="1">1702706015128</td><td rowspan="1">258</td></tr><tr class="passedodd"><td><a href="#m5">amazonHomePageTitle2</a></td><td rowspan="1">1702706025802</td><td rowspan="1">323</td></tr><tr class="passedodd"><td><a href="#m6">amazonSourceURL1</a></td><td rowspan="1">1702706035854</td><td rowspan="1">1195</td></tr><tr class="passedeven"><td rowspan="2">Amazon_TestNG.LinkTest</td><td><a href="#m7">linkTest1</a></td><td rowspan="1">1702706055211</td><td rowspan="1">4757</td></tr><tr class="passedeven"><td><a href="#m8">linkTest2</a></td><td rowspan="1">1702706069801</td><td rowspan="1">6356</td></tr><tr class="passedodd"><td rowspan="2">Amazon_TestNG.SearchTest</td><td><a href="#m9">search1</a></td><td rowspan="1">1702706085479</td><td rowspan="1">5144</td></tr><tr class="passedodd"><td><a href="#m10">search2</a></td><td rowspan="1">1702706099632</td><td rowspan="1">6421</td></tr><tr class="passedeven"><td rowspan="1">Amazon_TestNG.XPath</td><td><a href="#m11">xpathLinkTest1</a></td><td rowspan="1">1702706114617</td><td rowspan="1">4605</td></tr></tbody>
<tbody id="t1"><tr><th colspan="4">Attribute Test &#8212; passed</th></tr><tr class="passedeven"><td rowspan="5">Phase2.Selenium_TestNG.AttributeTest</td><td><a href="#m12">r1</a></td><td rowspan="1">1702706128041</td><td rowspan="1">3</td></tr><tr class="passedeven"><td><a href="#m13">r2</a></td><td rowspan="1">1702706128063</td><td rowspan="1">528</td></tr><tr class="passedeven"><td><a href="#m14">r3</a></td><td rowspan="1">1702706128596</td><td rowspan="1">2</td></tr><tr class="passedeven"><td><a href="#m15">testOne</a></td><td rowspan="1">1702706128601</td><td rowspan="1">3</td></tr><tr class="passedeven"><td><a href="#m16">testTwo</a></td><td rowspan="1">1702706128614</td><td rowspan="1">3</td></tr></tbody>
<tbody id="t2"><tr><th colspan="4">Other Test &#8212; passed</th></tr><tr class="passedeven"><td rowspan="3">Phase2.Selenium_TestNG.AssertionTest</td><td><a href="#m17">hardAssertTest</a></td><td rowspan="1">1702706128660</td><td rowspan="1">5</td></tr><tr class="passedeven"><td><a href="#m18">softAssertTest</a></td><td rowspan="1">1702706128670</td><td rowspan="1">17</td></tr><tr class="passedeven"><td><a href="#m19">testAsserts</a></td><td rowspan="1">1702706128691</td><td rowspan="1">2</td></tr><tr class="passedodd"><td rowspan="2">Phase2.Selenium_TestNG.Standard_Annotations</td><td><a href="#m20">testOne</a></td><td rowspan="1">1702706128700</td><td rowspan="1">3</td></tr><tr class="passedodd"><td><a href="#m21">testTwo</a></td><td rowspan="1">1702706128724</td><td rowspan="1">9</td></tr></tbody>
</table>
<h2>Amazon Test</h2><h3 id="m0">Amazon_TestNG.HomePage#amazonSourceURL2</h3><table class="result"><tr><th>Exception</th></tr><tr><td><div class="stacktrace">java.lang.AssertionError: did not expect [https://www.amazon.in/] but found [https://www.amazon.in/]
	at Amazon_TestNG.HomePage.amazonSourceURL2(HomePage.java:58)
	at java.base/java.util.ArrayList.forEach(ArrayList.java:1511)
... Removed 30 stack frames</div></td></tr></table><p class="totop"><a href="#summary">back to summary</a></p>
<h3 id="m1">Amazon_TestNG.XPath#xpathLinkTest2</h3><table class="result"><tr><th>Exception</th></tr><tr><td><div class="stacktrace">org.openqa.selenium.NoSuchElementException: no such element: Unable to locate element: {&quot;method&quot;:&quot;xpath&quot;,&quot;selector&quot;:&quot;/html/body/div[1]/header/div/div[4]/div[2]/div[2]/div/a[5]&quot;}
  (Session info: chrome=120.0.6099.72)
For documentation on this error, please visit: https://www.selenium.dev/documentation/webdriver/troubleshooting/errors#no-such-element-exception
Build info: version: &apos;4.16.1&apos;, revision: &apos;9b4c83354e&apos;
System info: os.name: &apos;Windows 11&apos;, os.arch: &apos;amd64&apos;, os.version: &apos;10.0&apos;, java.version: &apos;18.0.1.1&apos;
Driver info: org.openqa.selenium.chrome.ChromeDriver
Command: [41facd88686d13dd6e8268028175c3cc, findElement {using=xpath, value=/html/body/div[1]/header/div/div[4]/div[2]/div[2]/div/a[5]}]
Capabilities {acceptInsecureCerts: false, browserName: chrome, browserVersion: 120.0.6099.72, chrome: {chromedriverVersion: 120.0.6099.62 (93ab19d804d4..., userDataDir: C:\Users\harih\AppData\Loca...}, fedcm:accounts: true, goog:chromeOptions: {debuggerAddress: localhost:61114}, networkConnectionEnabled: false, pageLoadStrategy: normal, platformName: windows, proxy: Proxy(), se:cdp: ws://localhost:61114/devtoo..., se:cdpVersion: 120.0.6099.72, setWindowRect: true, strictFileInteractability: false, timeouts: {implicit: 0, pageLoad: 300000, script: 30000}, unhandledPromptBehavior: dismiss and notify, webauthn:extension:credBlob: true, webauthn:extension:largeBlob: true, webauthn:extension:minPinLength: true, webauthn:extension:prf: true, webauthn:virtualAuthenticators: true}
Session ID: 41facd88686d13dd6e8268028175c3cc
	at org.openqa.selenium.remote.codec.w3c.W3CHttpResponseCodec.createException(W3CHttpResponseCodec.java:200)
	at org.openqa.selenium.remote.codec.w3c.W3CHttpResponseCodec.decode(W3CHttpResponseCodec.java:133)
	at org.openqa.selenium.remote.codec.w3c.W3CHttpResponseCodec.decode(W3CHttpResponseCodec.java:52)
	at org.openqa.selenium.remote.HttpCommandExecutor.execute(HttpCommandExecutor.java:191)
	at org.openqa.selenium.remote.service.DriverCommandExecutor.invokeExecute(DriverCommandExecutor.java:200)
	at org.openqa.selenium.remote.service.DriverCommandExecutor.execute(DriverCommandExecutor.java:175)
	at org.openqa.selenium.remote.RemoteWebDriver.execute(RemoteWebDriver.java:523)
	at org.openqa.selenium.remote.ElementLocation$ElementFinder$2.findElement(ElementLocation.java:165)
	at org.openqa.selenium.remote.ElementLocation.findElement(ElementLocation.java:59)
	at org.openqa.selenium.remote.RemoteWebDriver.findElement(RemoteWebDriver.java:360)
	at org.openqa.selenium.remote.RemoteWebDriver.findElement(RemoteWebDriver.java:354)
	at Amazon_TestNG.XPath.xpathLinkTest2(XPath.java:54)
	at java.base/java.util.ArrayList.forEach(ArrayList.java:1511)
... Removed 28 stack frames</div></td></tr></table><p class="totop"><a href="#summary">back to summary</a></p>
<h3 id="m2">Amazon_TestNG.CSSselector#LinkTest2</h3><table class="result"><tr><th class="invisible"/></tr></table><p class="totop"><a href="#summary">back to summary</a></p>
<h3 id="m3">Amazon_TestNG.CSSselector#tdLinkTest1</h3><table class="result"><tr><th class="invisible"/></tr></table><p class="totop"><a href="#summary">back to summary</a></p>
<h3 id="m4">Amazon_TestNG.HomePage#amazonHomePageTitle1</h3><table class="result"><tr><th class="invisible"/></tr></table><p class="totop"><a href="#summary">back to summary</a></p>
<h3 id="m5">Amazon_TestNG.HomePage#amazonHomePageTitle2</h3><table class="result"><tr><th class="invisible"/></tr></table><p class="totop"><a href="#summary">back to summary</a></p>
<h3 id="m6">Amazon_TestNG.HomePage#amazonSourceURL1</h3><table class="result"><tr><th class="invisible"/></tr></table><p class="totop"><a href="#summary">back to summary</a></p>
<h3 id="m7">Amazon_TestNG.LinkTest#linkTest1</h3><table class="result"><tr><th class="invisible"/></tr></table><p class="totop"><a href="#summary">back to summary</a></p>
<h3 id="m8">Amazon_TestNG.LinkTest#linkTest2</h3><table class="result"><tr><th class="invisible"/></tr></table><p class="totop"><a href="#summary">back to summary</a></p>
<h3 id="m9">Amazon_TestNG.SearchTest#search1</h3><table class="result"><tr><th class="invisible"/></tr></table><p class="totop"><a href="#summary">back to summary</a></p>
<h3 id="m10">Amazon_TestNG.SearchTest#search2</h3><table class="result"><tr><th class="invisible"/></tr></table><p class="totop"><a href="#summary">back to summary</a></p>
<h3 id="m11">Amazon_TestNG.XPath#xpathLinkTest1</h3><table class="result"><tr><th class="invisible"/></tr></table><p class="totop"><a href="#summary">back to summary</a></p>
<h2>Attribute Test</h2><h3 id="m12">Phase2.Selenium_TestNG.AttributeTest#r1</h3><table class="result"><tr><th class="invisible"/></tr></table><p class="totop"><a href="#summary">back to summary</a></p>
<h3 id="m13">Phase2.Selenium_TestNG.AttributeTest#r2</h3><table class="result"><tr><th class="invisible"/></tr></table><p class="totop"><a href="#summary">back to summary</a></p>
<h3 id="m14">Phase2.Selenium_TestNG.AttributeTest#r3</h3><table class="result"><tr><th class="invisible"/></tr></table><p class="totop"><a href="#summary">back to summary</a></p>
<h3 id="m15">Phase2.Selenium_TestNG.AttributeTest#testOne</h3><table class="result"><tr><th class="invisible"/></tr></table><p class="totop"><a href="#summary">back to summary</a></p>
<h3 id="m16">Phase2.Selenium_TestNG.AttributeTest#testTwo</h3><table class="result"><tr><th class="invisible"/></tr></table><p class="totop"><a href="#summary">back to summary</a></p>
<h2>Other Test</h2><h3 id="m17">Phase2.Selenium_TestNG.AssertionTest#hardAssertTest</h3><table class="result"><tr><th class="invisible"/></tr></table><p class="totop"><a href="#summary">back to summary</a></p>
<h3 id="m18">Phase2.Selenium_TestNG.AssertionTest#softAssertTest</h3><table class="result"><tr><th class="invisible"/></tr></table><p class="totop"><a href="#summary">back to summary</a></p>
<h3 id="m19">Phase2.Selenium_TestNG.AssertionTest#testAsserts</h3><table class="result"><tr><th class="invisible"/></tr></table><p class="totop"><a href="#summary">back to summary</a></p>
<h3 id="m20">Phase2.Selenium_TestNG.Standard_Annotations#testOne</h3><table class="result"><tr><th class="invisible"/></tr></table><p class="totop"><a href="#summary">back to summary</a></p>
<h3 id="m21">Phase2.Selenium_TestNG.Standard_Annotations#testTwo</h3><table class="result"><tr><th class="invisible"/></tr></table><p class="totop"><a href="#summary">back to summary</a></p>
</body>
</html>
