<?xml version="1.0" encoding="UTF-8"?>
<testng-results ignored="0" total="22" passed="20" failed="2" skipped="0">
  <reporter-output>
  </reporter-output>
  <suite started-at="2023-12-16T11:22:47 IST" name="eCom Webapp Test Suite" finished-at="2023-12-16T11:25:28 IST" duration-ms="161168">
    <groups>
      <group name="Regression Test">
        <method signature="AttributeTest.r1()[pri:0, instance:Phase2.Selenium_TestNG.AttributeTest@33d512c1]" name="r1" class="Phase2.Selenium_TestNG.AttributeTest"/>
        <method signature="AttributeTest.r2()[pri:0, instance:Phase2.Selenium_TestNG.AttributeTest@33d512c1]" name="r2" class="Phase2.Selenium_TestNG.AttributeTest"/>
        <method signature="AttributeTest.r3()[pri:0, instance:Phase2.Selenium_TestNG.AttributeTest@33d512c1]" name="r3" class="Phase2.Selenium_TestNG.AttributeTest"/>
      </group> <!-- Regression Test -->
    </groups>
    <test started-at="2023-12-16T11:22:47 IST" name="Amazon Test" finished-at="2023-12-16T11:25:27 IST" duration-ms="160237">
      <class name="Amazon_TestNG.LinkTest">
        <test-method is-config="true" signature="setUp()[pri:0, instance:Amazon_TestNG.LinkTest@4550bb58]" started-at="2023-12-16T11:24:08 IST" name="setUp" finished-at="2023-12-16T11:24:15 IST" duration-ms="7186" status="PASS">
          <reporter-output>
          </reporter-output>
        </test-method> <!-- setUp -->
        <test-method signature="linkTest1()[pri:0, instance:Amazon_TestNG.LinkTest@4550bb58]" started-at="2023-12-16T11:24:15 IST" name="linkTest1" description="Link Test 1 - Best Sellers" finished-at="2023-12-16T11:24:19 IST" duration-ms="4757" status="PASS">
          <reporter-output>
          </reporter-output>
        </test-method> <!-- linkTest1 -->
        <test-method is-config="true" signature="cleanUp()[pri:0, instance:Amazon_TestNG.LinkTest@4550bb58]" started-at="2023-12-16T11:24:19 IST" name="cleanUp" finished-at="2023-12-16T11:24:20 IST" duration-ms="690" status="PASS">
          <reporter-output>
          </reporter-output>
        </test-method> <!-- cleanUp -->
        <test-method is-config="true" signature="setUp()[pri:0, instance:Amazon_TestNG.LinkTest@4550bb58]" started-at="2023-12-16T11:24:20 IST" name="setUp" finished-at="2023-12-16T11:24:29 IST" duration-ms="9139" status="PASS">
          <reporter-output>
          </reporter-output>
        </test-method> <!-- setUp -->
        <test-method signature="linkTest2()[pri:0, instance:Amazon_TestNG.LinkTest@4550bb58]" started-at="2023-12-16T11:24:29 IST" name="linkTest2" description="Link Test 2 - Deals" finished-at="2023-12-16T11:24:36 IST" duration-ms="6356" status="PASS">
          <reporter-output>
          </reporter-output>
        </test-method> <!-- linkTest2 -->
        <test-method is-config="true" signature="cleanUp()[pri:0, instance:Amazon_TestNG.LinkTest@4550bb58]" started-at="2023-12-16T11:24:36 IST" name="cleanUp" finished-at="2023-12-16T11:24:37 IST" duration-ms="945" status="PASS">
          <reporter-output>
          </reporter-output>
        </test-method> <!-- cleanUp -->
      </class> <!-- Amazon_TestNG.LinkTest -->
      <class name="Amazon_TestNG.XPath">
        <test-method is-config="true" signature="setUp()[pri:0, instance:Amazon_TestNG.XPath@223191a6]" started-at="2023-12-16T11:25:06 IST" name="setUp" finished-at="2023-12-16T11:25:14 IST" duration-ms="7665" status="PASS">
          <reporter-output>
          </reporter-output>
        </test-method> <!-- setUp -->
        <test-method signature="xpathLinkTest1()[pri:0, instance:Amazon_TestNG.XPath@223191a6]" started-at="2023-12-16T11:25:14 IST" name="xpathLinkTest1" description="Test Amazon Mobile Phones Title Match" finished-at="2023-12-16T11:25:19 IST" duration-ms="4605" status="PASS">
          <reporter-output>
          </reporter-output>
        </test-method> <!-- xpathLinkTest1 -->
        <test-method is-config="true" signature="cleanUp()[pri:0, instance:Amazon_TestNG.XPath@223191a6]" started-at="2023-12-16T11:25:19 IST" name="cleanUp" finished-at="2023-12-16T11:25:19 IST" duration-ms="753" status="PASS">
          <reporter-output>
          </reporter-output>
        </test-method> <!-- cleanUp -->
        <test-method is-config="true" signature="setUp()[pri:0, instance:Amazon_TestNG.XPath@223191a6]" started-at="2023-12-16T11:25:19 IST" name="setUp" finished-at="2023-12-16T11:25:26 IST" duration-ms="6642" status="PASS">
          <reporter-output>
          </reporter-output>
        </test-method> <!-- setUp -->
        <test-method signature="xpathLinkTest2()[pri:0, instance:Amazon_TestNG.XPath@223191a6]" started-at="2023-12-16T11:25:26 IST" name="xpathLinkTest2" description="Test Today deals Title Match" finished-at="2023-12-16T11:25:27 IST" duration-ms="501" status="FAIL">
          <exception class="org.openqa.selenium.NoSuchElementException">
            <message>
              <![CDATA[no such element: Unable to locate element: {"method":"xpath","selector":"/html/body/div[1]/header/div/div[4]/div[2]/div[2]/div/a[5]"}
  (Session info: chrome=120.0.6099.72)
For documentation on this error, please visit: https://www.selenium.dev/documentation/webdriver/troubleshooting/errors#no-such-element-exception
Build info: version: '4.16.1', revision: '9b4c83354e'
System info: os.name: 'Windows 11', os.arch: 'amd64', os.version: '10.0', java.version: '18.0.1.1'
Driver info: org.openqa.selenium.chrome.ChromeDriver
Command: [41facd88686d13dd6e8268028175c3cc, findElement {using=xpath, value=/html/body/div[1]/header/div/div[4]/div[2]/div[2]/div/a[5]}]
Capabilities {acceptInsecureCerts: false, browserName: chrome, browserVersion: 120.0.6099.72, chrome: {chromedriverVersion: 120.0.6099.62 (93ab19d804d4..., userDataDir: C:\Users\harih\AppData\Loca...}, fedcm:accounts: true, goog:chromeOptions: {debuggerAddress: localhost:61114}, networkConnectionEnabled: false, pageLoadStrategy: normal, platformName: windows, proxy: Proxy(), se:cdp: ws://localhost:61114/devtoo..., se:cdpVersion: 120.0.6099.72, setWindowRect: true, strictFileInteractability: false, timeouts: {implicit: 0, pageLoad: 300000, script: 30000}, unhandledPromptBehavior: dismiss and notify, webauthn:extension:credBlob: true, webauthn:extension:largeBlob: true, webauthn:extension:minPinLength: true, webauthn:extension:prf: true, webauthn:virtualAuthenticators: true}
Session ID: 41facd88686d13dd6e8268028175c3cc]]>
            </message>
            <full-stacktrace>
              <![CDATA[org.openqa.selenium.NoSuchElementException: no such element: Unable to locate element: {"method":"xpath","selector":"/html/body/div[1]/header/div/div[4]/div[2]/div[2]/div/a[5]"}
  (Session info: chrome=120.0.6099.72)
For documentation on this error, please visit: https://www.selenium.dev/documentation/webdriver/troubleshooting/errors#no-such-element-exception
Build info: version: '4.16.1', revision: '9b4c83354e'
System info: os.name: 'Windows 11', os.arch: 'amd64', os.version: '10.0', java.version: '18.0.1.1'
Driver info: org.openqa.selenium.chrome.ChromeDriver
Command: [41facd88686d13dd6e8268028175c3cc, findElement {using=xpath, value=/html/body/div[1]/header/div/div[4]/div[2]/div[2]/div/a[5]}]
Capabilities {acceptInsecureCerts: false, browserName: chrome, browserVersion: 120.0.6099.72, chrome: {chromedriverVersion: 120.0.6099.62 (93ab19d804d4..., userDataDir: C:\Users\harih\AppData\Loca...}, fedcm:accounts: true, goog:chromeOptions: {debuggerAddress: localhost:61114}, networkConnectionEnabled: false, pageLoadStrategy: normal, platformName: windows, proxy: Proxy(), se:cdp: ws://localhost:61114/devtoo..., se:cdpVersion: 120.0.6099.72, setWindowRect: true, strictFileInteractability: false, timeouts: {implicit: 0, pageLoad: 300000, script: 30000}, unhandledPromptBehavior: dismiss and notify, webauthn:extension:credBlob: true, webauthn:extension:largeBlob: true, webauthn:extension:minPinLength: true, webauthn:extension:prf: true, webauthn:virtualAuthenticators: true}
Session ID: 41facd88686d13dd6e8268028175c3cc
at java.base/jdk.internal.reflect.DirectConstructorHandleAccessor.newInstance(DirectConstructorHandleAccessor.java:67)
at java.base/java.lang.reflect.Constructor.newInstanceWithCaller(Constructor.java:499)
at java.base/java.lang.reflect.Constructor.newInstance(Constructor.java:483)
at org.openqa.selenium.remote.codec.w3c.W3CHttpResponseCodec.createException(W3CHttpResponseCodec.java:200)
at org.openqa.selenium.remote.codec.w3c.W3CHttpResponseCodec.decode(W3CHttpResponseCodec.java:133)
at org.openqa.selenium.remote.codec.w3c.W3CHttpResponseCodec.decode(W3CHttpResponseCodec.java:52)
at org.openqa.selenium.remote.HttpCommandExecutor.execute(HttpCommandExecutor.java:191)
at org.openqa.selenium.remote.service.DriverCommandExecutor.invokeExecute(DriverCommandExecutor.java:200)
at org.openqa.selenium.remote.service.DriverCommandExecutor.execute(DriverCommandExecutor.java:175)
at org.openqa.selenium.remote.RemoteWebDriver.execute(RemoteWebDriver.java:523)
at org.openqa.selenium.remote.ElementLocation$ElementFinder$2.findElement(ElementLocation.java:165)
at org.openqa.selenium.remote.ElementLocation.findElement(ElementLocation.java:59)
at org.openqa.selenium.remote.RemoteWebDriver.findElement(RemoteWebDriver.java:360)
at org.openqa.selenium.remote.RemoteWebDriver.findElement(RemoteWebDriver.java:354)
at Amazon_TestNG.XPath.xpathLinkTest2(XPath.java:54)
at java.base/jdk.internal.reflect.DirectMethodHandleAccessor.invoke(DirectMethodHandleAccessor.java:104)
at java.base/java.lang.reflect.Method.invoke(Method.java:577)
at org.testng.internal.invokers.MethodInvocationHelper.invokeMethod(MethodInvocationHelper.java:139)
at org.testng.internal.invokers.TestInvoker.invokeMethod(TestInvoker.java:664)
at org.testng.internal.invokers.TestInvoker.invokeTestMethod(TestInvoker.java:227)
at org.testng.internal.invokers.MethodRunner.runInSequence(MethodRunner.java:50)
at org.testng.internal.invokers.TestInvoker$MethodInvocationAgent.invoke(TestInvoker.java:957)
at org.testng.internal.invokers.TestInvoker.invokeTestMethods(TestInvoker.java:200)
at org.testng.internal.invokers.TestMethodWorker.invokeTestMethods(TestMethodWorker.java:148)
at org.testng.internal.invokers.TestMethodWorker.run(TestMethodWorker.java:128)
at java.base/java.util.ArrayList.forEach(ArrayList.java:1511)
at org.testng.TestRunner.privateRun(TestRunner.java:848)
at org.testng.TestRunner.run(TestRunner.java:621)
at org.testng.SuiteRunner.runTest(SuiteRunner.java:443)
at org.testng.SuiteRunner.runSequentially(SuiteRunner.java:437)
at org.testng.SuiteRunner.privateRun(SuiteRunner.java:397)
at org.testng.SuiteRunner.run(SuiteRunner.java:336)
at org.testng.SuiteRunnerWorker.runSuite(SuiteRunnerWorker.java:52)
at org.testng.SuiteRunnerWorker.run(SuiteRunnerWorker.java:95)
at org.testng.TestNG.runSuitesSequentially(TestNG.java:1280)
at org.testng.TestNG.runSuitesLocally(TestNG.java:1200)
at org.testng.TestNG.runSuites(TestNG.java:1114)
at org.testng.TestNG.run(TestNG.java:1082)
at org.testng.remote.AbstractRemoteTestNG.run(AbstractRemoteTestNG.java:115)
at org.testng.remote.RemoteTestNG.initAndRun(RemoteTestNG.java:251)
at org.testng.remote.RemoteTestNG.main(RemoteTestNG.java:77)
]]>
            </full-stacktrace>
          </exception> <!-- org.openqa.selenium.NoSuchElementException -->
          <reporter-output>
          </reporter-output>
        </test-method> <!-- xpathLinkTest2 -->
        <test-method is-config="true" signature="cleanUp()[pri:0, instance:Amazon_TestNG.XPath@223191a6]" started-at="2023-12-16T11:25:27 IST" name="cleanUp" finished-at="2023-12-16T11:25:27 IST" duration-ms="680" status="PASS">
          <reporter-output>
          </reporter-output>
        </test-method> <!-- cleanUp -->
      </class> <!-- Amazon_TestNG.XPath -->
      <class name="Amazon_TestNG.SearchTest">
        <test-method is-config="true" signature="setUp()[pri:0, instance:Amazon_TestNG.SearchTest@4ec4f3a0]" started-at="2023-12-16T11:24:37 IST" name="setUp" finished-at="2023-12-16T11:24:45 IST" duration-ms="8371" status="PASS">
          <reporter-output>
          </reporter-output>
        </test-method> <!-- setUp -->
        <test-method signature="search1()[pri:0, instance:Amazon_TestNG.SearchTest@4ec4f3a0]" started-at="2023-12-16T11:24:45 IST" name="search1" description="Search for Iphone 15 pro mac - Valid match" finished-at="2023-12-16T11:24:50 IST" duration-ms="5144" status="PASS">
          <reporter-output>
          </reporter-output>
        </test-method> <!-- search1 -->
        <test-method is-config="true" signature="cleanUp()[pri:0, instance:Amazon_TestNG.SearchTest@4ec4f3a0]" started-at="2023-12-16T11:24:50 IST" name="cleanUp" finished-at="2023-12-16T11:24:51 IST" duration-ms="700" status="PASS">
          <reporter-output>
          </reporter-output>
        </test-method> <!-- cleanUp -->
        <test-method is-config="true" signature="setUp()[pri:0, instance:Amazon_TestNG.SearchTest@4ec4f3a0]" started-at="2023-12-16T11:24:51 IST" name="setUp" finished-at="2023-12-16T11:24:59 IST" duration-ms="8303" status="PASS">
          <reporter-output>
          </reporter-output>
        </test-method> <!-- setUp -->
        <test-method signature="search2()[pri:0, instance:Amazon_TestNG.SearchTest@4ec4f3a0]" started-at="2023-12-16T11:24:59 IST" name="search2" description="Search for Apple Mac book - Valid match" finished-at="2023-12-16T11:25:06 IST" duration-ms="6421" status="PASS">
          <reporter-output>
          </reporter-output>
        </test-method> <!-- search2 -->
        <test-method is-config="true" signature="cleanUp()[pri:0, instance:Amazon_TestNG.SearchTest@4ec4f3a0]" started-at="2023-12-16T11:25:06 IST" name="cleanUp" finished-at="2023-12-16T11:25:06 IST" duration-ms="892" status="PASS">
          <reporter-output>
          </reporter-output>
        </test-method> <!-- cleanUp -->
      </class> <!-- Amazon_TestNG.SearchTest -->
      <class name="Amazon_TestNG.HomePage">
        <test-method is-config="true" signature="setUp()[pri:0, instance:Amazon_TestNG.HomePage@6adbc9d]" started-at="2023-12-16T11:23:25 IST" name="setUp" finished-at="2023-12-16T11:23:35 IST" duration-ms="10018" status="PASS">
          <reporter-output>
          </reporter-output>
        </test-method> <!-- setUp -->
        <test-method signature="amazonHomePageTitle1()[pri:0, instance:Amazon_TestNG.HomePage@6adbc9d]" started-at="2023-12-16T11:23:35 IST" name="amazonHomePageTitle1" description="Amazon Home Page Title Check- Valid Match" finished-at="2023-12-16T11:23:35 IST" duration-ms="258" status="PASS">
          <reporter-output>
          </reporter-output>
        </test-method> <!-- amazonHomePageTitle1 -->
        <test-method is-config="true" signature="cleanUp()[pri:0, instance:Amazon_TestNG.HomePage@6adbc9d]" started-at="2023-12-16T11:23:35 IST" name="cleanUp" finished-at="2023-12-16T11:23:36 IST" duration-ms="688" status="PASS">
          <reporter-output>
          </reporter-output>
        </test-method> <!-- cleanUp -->
        <test-method is-config="true" signature="setUp()[pri:0, instance:Amazon_TestNG.HomePage@6adbc9d]" started-at="2023-12-16T11:23:36 IST" name="setUp" finished-at="2023-12-16T11:23:45 IST" duration-ms="9725" status="PASS">
          <reporter-output>
          </reporter-output>
        </test-method> <!-- setUp -->
        <test-method signature="amazonHomePageTitle2()[pri:0, instance:Amazon_TestNG.HomePage@6adbc9d]" started-at="2023-12-16T11:23:45 IST" name="amazonHomePageTitle2" description="Amazon Home Page Title Check- Invalid Match" finished-at="2023-12-16T11:23:46 IST" duration-ms="323" status="PASS">
          <reporter-output>
          </reporter-output>
        </test-method> <!-- amazonHomePageTitle2 -->
        <test-method is-config="true" signature="cleanUp()[pri:0, instance:Amazon_TestNG.HomePage@6adbc9d]" started-at="2023-12-16T11:23:46 IST" name="cleanUp" finished-at="2023-12-16T11:23:47 IST" duration-ms="879" status="PASS">
          <reporter-output>
          </reporter-output>
        </test-method> <!-- cleanUp -->
        <test-method is-config="true" signature="setUp()[pri:0, instance:Amazon_TestNG.HomePage@6adbc9d]" started-at="2023-12-16T11:23:47 IST" name="setUp" finished-at="2023-12-16T11:23:55 IST" duration-ms="8842" status="PASS">
          <reporter-output>
          </reporter-output>
        </test-method> <!-- setUp -->
        <test-method signature="amazonSourceURL1()[pri:0, instance:Amazon_TestNG.HomePage@6adbc9d]" started-at="2023-12-16T11:23:55 IST" name="amazonSourceURL1" description="Amazon Home Page URL Check- Valid Match" finished-at="2023-12-16T11:23:57 IST" duration-ms="1195" status="PASS">
          <reporter-output>
          </reporter-output>
        </test-method> <!-- amazonSourceURL1 -->
        <test-method is-config="true" signature="cleanUp()[pri:0, instance:Amazon_TestNG.HomePage@6adbc9d]" started-at="2023-12-16T11:23:57 IST" name="cleanUp" finished-at="2023-12-16T11:23:58 IST" duration-ms="1306" status="PASS">
          <reporter-output>
          </reporter-output>
        </test-method> <!-- cleanUp -->
        <test-method is-config="true" signature="setUp()[pri:0, instance:Amazon_TestNG.HomePage@6adbc9d]" started-at="2023-12-16T11:23:58 IST" name="setUp" finished-at="2023-12-16T11:24:07 IST" duration-ms="8851" status="PASS">
          <reporter-output>
          </reporter-output>
        </test-method> <!-- setUp -->
        <test-method signature="amazonSourceURL2()[pri:0, instance:Amazon_TestNG.HomePage@6adbc9d]" started-at="2023-12-16T11:24:07 IST" name="amazonSourceURL2" description="Amazon Home Page URL Check- Invalid Match" finished-at="2023-12-16T11:24:07 IST" duration-ms="192" status="FAIL">
          <exception class="java.lang.AssertionError">
            <message>
              <![CDATA[did not expect [https://www.amazon.in/] but found [https://www.amazon.in/]]]>
            </message>
            <full-stacktrace>
              <![CDATA[java.lang.AssertionError: did not expect [https://www.amazon.in/] but found [https://www.amazon.in/]
at org.testng.Assert.fail(Assert.java:111)
at org.testng.Assert.failEquals(Assert.java:1582)
at org.testng.Assert.assertNotEqualsImpl(Assert.java:157)
at org.testng.Assert.assertNotEquals(Assert.java:2198)
at org.testng.Assert.assertNotEquals(Assert.java:2220)
at Amazon_TestNG.HomePage.amazonSourceURL2(HomePage.java:58)
at java.base/jdk.internal.reflect.DirectMethodHandleAccessor.invoke(DirectMethodHandleAccessor.java:104)
at java.base/java.lang.reflect.Method.invoke(Method.java:577)
at org.testng.internal.invokers.MethodInvocationHelper.invokeMethod(MethodInvocationHelper.java:139)
at org.testng.internal.invokers.TestInvoker.invokeMethod(TestInvoker.java:664)
at org.testng.internal.invokers.TestInvoker.invokeTestMethod(TestInvoker.java:227)
at org.testng.internal.invokers.MethodRunner.runInSequence(MethodRunner.java:50)
at org.testng.internal.invokers.TestInvoker$MethodInvocationAgent.invoke(TestInvoker.java:957)
at org.testng.internal.invokers.TestInvoker.invokeTestMethods(TestInvoker.java:200)
at org.testng.internal.invokers.TestMethodWorker.invokeTestMethods(TestMethodWorker.java:148)
at org.testng.internal.invokers.TestMethodWorker.run(TestMethodWorker.java:128)
at java.base/java.util.ArrayList.forEach(ArrayList.java:1511)
at org.testng.TestRunner.privateRun(TestRunner.java:848)
at org.testng.TestRunner.run(TestRunner.java:621)
at org.testng.SuiteRunner.runTest(SuiteRunner.java:443)
at org.testng.SuiteRunner.runSequentially(SuiteRunner.java:437)
at org.testng.SuiteRunner.privateRun(SuiteRunner.java:397)
at org.testng.SuiteRunner.run(SuiteRunner.java:336)
at org.testng.SuiteRunnerWorker.runSuite(SuiteRunnerWorker.java:52)
at org.testng.SuiteRunnerWorker.run(SuiteRunnerWorker.java:95)
at org.testng.TestNG.runSuitesSequentially(TestNG.java:1280)
at org.testng.TestNG.runSuitesLocally(TestNG.java:1200)
at org.testng.TestNG.runSuites(TestNG.java:1114)
at org.testng.TestNG.run(TestNG.java:1082)
at org.testng.remote.AbstractRemoteTestNG.run(AbstractRemoteTestNG.java:115)
at org.testng.remote.RemoteTestNG.initAndRun(RemoteTestNG.java:251)
at org.testng.remote.RemoteTestNG.main(RemoteTestNG.java:77)
]]>
            </full-stacktrace>
          </exception> <!-- java.lang.AssertionError -->
          <reporter-output>
          </reporter-output>
        </test-method> <!-- amazonSourceURL2 -->
        <test-method is-config="true" signature="cleanUp()[pri:0, instance:Amazon_TestNG.HomePage@6adbc9d]" started-at="2023-12-16T11:24:07 IST" name="cleanUp" finished-at="2023-12-16T11:24:08 IST" duration-ms="580" status="PASS">
          <reporter-output>
          </reporter-output>
        </test-method> <!-- cleanUp -->
      </class> <!-- Amazon_TestNG.HomePage -->
      <class name="Amazon_TestNG.CSSselector">
        <test-method is-config="true" signature="setUp()[pri:0, instance:Amazon_TestNG.CSSselector@79924b]" started-at="2023-12-16T11:22:47 IST" name="setUp" finished-at="2023-12-16T11:22:59 IST" duration-ms="12004" status="PASS">
          <reporter-output>
          </reporter-output>
        </test-method> <!-- setUp -->
        <test-method signature="LinkTest2()[pri:0, instance:Amazon_TestNG.CSSselector@79924b]" started-at="2023-12-16T11:22:59 IST" name="LinkTest2" description="Deals - XPath" finished-at="2023-12-16T11:23:06 IST" duration-ms="6965" status="PASS">
          <reporter-output>
          </reporter-output>
        </test-method> <!-- LinkTest2 -->
        <test-method is-config="true" signature="cleanUp()[pri:0, instance:Amazon_TestNG.CSSselector@79924b]" started-at="2023-12-16T11:23:06 IST" name="cleanUp" finished-at="2023-12-16T11:23:08 IST" duration-ms="1844" status="PASS">
          <reporter-output>
          </reporter-output>
        </test-method> <!-- cleanUp -->
        <test-method is-config="true" signature="setUp()[pri:0, instance:Amazon_TestNG.CSSselector@79924b]" started-at="2023-12-16T11:23:08 IST" name="setUp" finished-at="2023-12-16T11:23:18 IST" duration-ms="9993" status="PASS">
          <reporter-output>
          </reporter-output>
        </test-method> <!-- setUp -->
        <test-method signature="tdLinkTest1()[pri:0, instance:Amazon_TestNG.CSSselector@79924b]" started-at="2023-12-16T11:23:18 IST" name="tdLinkTest1" description="Test Amazon Mobile Phones Title Match" finished-at="2023-12-16T11:23:24 IST" duration-ms="5701" status="PASS">
          <reporter-output>
          </reporter-output>
        </test-method> <!-- tdLinkTest1 -->
        <test-method is-config="true" signature="cleanUp()[pri:0, instance:Amazon_TestNG.CSSselector@79924b]" started-at="2023-12-16T11:23:24 IST" name="cleanUp" finished-at="2023-12-16T11:23:25 IST" duration-ms="860" status="PASS">
          <reporter-output>
          </reporter-output>
        </test-method> <!-- cleanUp -->
      </class> <!-- Amazon_TestNG.CSSselector -->
    </test> <!-- Amazon Test -->
    <test started-at="2023-12-16T11:25:28 IST" name="Attribute Test" finished-at="2023-12-16T11:25:28 IST" duration-ms="601">
      <class name="Phase2.Selenium_TestNG.AttributeTest">
        <test-method signature="r1()[pri:0, instance:Phase2.Selenium_TestNG.AttributeTest@33d512c1]" started-at="2023-12-16T11:25:28 IST" name="r1" finished-at="2023-12-16T11:25:28 IST" duration-ms="3" status="PASS">
          <reporter-output>
          </reporter-output>
        </test-method> <!-- r1 -->
        <test-method signature="r2()[pri:0, instance:Phase2.Selenium_TestNG.AttributeTest@33d512c1]" started-at="2023-12-16T11:25:28 IST" name="r2" finished-at="2023-12-16T11:25:28 IST" duration-ms="528" status="PASS">
          <reporter-output>
          </reporter-output>
        </test-method> <!-- r2 -->
        <test-method signature="r3()[pri:0, instance:Phase2.Selenium_TestNG.AttributeTest@33d512c1]" started-at="2023-12-16T11:25:28 IST" name="r3" depends-on-groups="Regression Test" finished-at="2023-12-16T11:25:28 IST" duration-ms="2" status="PASS">
          <reporter-output>
          </reporter-output>
        </test-method> <!-- r3 -->
        <test-method signature="testOne()[pri:2, instance:Phase2.Selenium_TestNG.AttributeTest@33d512c1]" started-at="2023-12-16T11:25:28 IST" name="testOne" description="The Sample Test One" finished-at="2023-12-16T11:25:28 IST" duration-ms="3" status="PASS">
          <reporter-output>
          </reporter-output>
        </test-method> <!-- testOne -->
        <test-method signature="testTwo()[pri:0, instance:Phase2.Selenium_TestNG.AttributeTest@33d512c1]" started-at="2023-12-16T11:25:28 IST" name="testTwo" description="The Sample Test Two" finished-at="2023-12-16T11:25:28 IST" depends-on-methods="Phase2.Selenium_TestNG.AttributeTest.testOne, Phase2.Selenium_TestNG.AttributeTest.testThree" duration-ms="3" status="PASS">
          <reporter-output>
          </reporter-output>
        </test-method> <!-- testTwo -->
      </class> <!-- Phase2.Selenium_TestNG.AttributeTest -->
    </test> <!-- Attribute Test -->
    <test started-at="2023-12-16T11:25:28 IST" name="Other Test" finished-at="2023-12-16T11:25:28 IST" duration-ms="92">
      <class name="Phase2.Selenium_TestNG.Standard_Annotations">
        <test-method is-config="true" signature="setUpBeforeSuite()[pri:0, instance:Phase2.Selenium_TestNG.Standard_Annotations@3c41ed1d]" started-at="2023-12-16T11:22:47 IST" name="setUpBeforeSuite" finished-at="2023-12-16T11:22:47 IST" duration-ms="37" status="PASS">
          <reporter-output>
          </reporter-output>
        </test-method> <!-- setUpBeforeSuite -->
        <test-method is-config="true" signature="setUpBeforeClass()[pri:0, instance:Phase2.Selenium_TestNG.Standard_Annotations@3c41ed1d]" started-at="2023-12-16T11:25:28 IST" name="setUpBeforeClass" finished-at="2023-12-16T11:25:28 IST" duration-ms="1" status="PASS">
          <reporter-output>
          </reporter-output>
        </test-method> <!-- setUpBeforeClass -->
        <test-method is-config="true" signature="setUpBeforeMethod()[pri:0, instance:Phase2.Selenium_TestNG.Standard_Annotations@3c41ed1d]" started-at="2023-12-16T11:25:28 IST" name="setUpBeforeMethod" finished-at="2023-12-16T11:25:28 IST" duration-ms="1" status="PASS">
          <reporter-output>
          </reporter-output>
        </test-method> <!-- setUpBeforeMethod -->
        <test-method signature="testOne()[pri:0, instance:Phase2.Selenium_TestNG.Standard_Annotations@3c41ed1d]" started-at="2023-12-16T11:25:28 IST" name="testOne" finished-at="2023-12-16T11:25:28 IST" duration-ms="3" status="PASS">
          <reporter-output>
          </reporter-output>
        </test-method> <!-- testOne -->
        <test-method is-config="true" signature="cleanAfterMethod()[pri:0, instance:Phase2.Selenium_TestNG.Standard_Annotations@3c41ed1d]" started-at="2023-12-16T11:25:28 IST" name="cleanAfterMethod" finished-at="2023-12-16T11:25:28 IST" duration-ms="2" status="PASS">
          <reporter-output>
          </reporter-output>
        </test-method> <!-- cleanAfterMethod -->
        <test-method is-config="true" signature="setUpBeforeMethod()[pri:0, instance:Phase2.Selenium_TestNG.Standard_Annotations@3c41ed1d]" started-at="2023-12-16T11:25:28 IST" name="setUpBeforeMethod" finished-at="2023-12-16T11:25:28 IST" duration-ms="2" status="PASS">
          <reporter-output>
          </reporter-output>
        </test-method> <!-- setUpBeforeMethod -->
        <test-method signature="testTwo()[pri:0, instance:Phase2.Selenium_TestNG.Standard_Annotations@3c41ed1d]" started-at="2023-12-16T11:25:28 IST" name="testTwo" finished-at="2023-12-16T11:25:28 IST" duration-ms="9" status="PASS">
          <reporter-output>
          </reporter-output>
        </test-method> <!-- testTwo -->
        <test-method is-config="true" signature="cleanAfterMethod()[pri:0, instance:Phase2.Selenium_TestNG.Standard_Annotations@3c41ed1d]" started-at="2023-12-16T11:25:28 IST" name="cleanAfterMethod" finished-at="2023-12-16T11:25:28 IST" duration-ms="1" status="PASS">
          <reporter-output>
          </reporter-output>
        </test-method> <!-- cleanAfterMethod -->
        <test-method is-config="true" signature="cleanAfterClass()[pri:0, instance:Phase2.Selenium_TestNG.Standard_Annotations@3c41ed1d]" started-at="2023-12-16T11:25:28 IST" name="cleanAfterClass" finished-at="2023-12-16T11:25:28 IST" duration-ms="1" status="PASS">
          <reporter-output>
          </reporter-output>
        </test-method> <!-- cleanAfterClass -->
        <test-method is-config="true" signature="cleanAfterSuite()[pri:0, instance:Phase2.Selenium_TestNG.Standard_Annotations@3c41ed1d]" started-at="2023-12-16T11:25:28 IST" name="cleanAfterSuite" finished-at="2023-12-16T11:25:28 IST" duration-ms="1" status="PASS">
          <reporter-output>
          </reporter-output>
        </test-method> <!-- cleanAfterSuite -->
      </class> <!-- Phase2.Selenium_TestNG.Standard_Annotations -->
      <class name="Phase2.Selenium_TestNG.AssertionTest">
        <test-method signature="hardAssertTest()[pri:0, instance:Phase2.Selenium_TestNG.AssertionTest@206a70ef]" started-at="2023-12-16T11:25:28 IST" name="hardAssertTest" description="Hard Assert method Test" finished-at="2023-12-16T11:25:28 IST" duration-ms="5" status="PASS">
          <reporter-output>
          </reporter-output>
        </test-method> <!-- hardAssertTest -->
        <test-method signature="softAssertTest()[pri:0, instance:Phase2.Selenium_TestNG.AssertionTest@206a70ef]" started-at="2023-12-16T11:25:28 IST" name="softAssertTest" description="Soft Assert method Test" finished-at="2023-12-16T11:25:28 IST" duration-ms="17" status="PASS">
          <reporter-output>
          </reporter-output>
        </test-method> <!-- softAssertTest -->
        <test-method signature="testAsserts()[pri:0, instance:Phase2.Selenium_TestNG.AssertionTest@206a70ef]" started-at="2023-12-16T11:25:28 IST" name="testAsserts" finished-at="2023-12-16T11:25:28 IST" duration-ms="2" status="PASS">
          <reporter-output>
          </reporter-output>
        </test-method> <!-- testAsserts -->
      </class> <!-- Phase2.Selenium_TestNG.AssertionTest -->
    </test> <!-- Other Test -->
  </suite> <!-- eCom Webapp Test Suite -->
</testng-results>
